[11:50:57] g:\deeplearn\mxnet\src\operator\./cudnn_algoreg-inl.h:106: Running performance tests to find the best convolution algorithm, this can take a while... (setting env variable MXNET_CUDNN_AUTOTUNE_DEFAULT to 0 to disable)
[11:51:04] G:\deeplearn\mxnet\src\nnvm\legacy_json_util.cc:190: Loading symbol saved by previous version v0.8.0. Attempting to upgrade...
[11:51:04] G:\deeplearn\mxnet\src\nnvm\legacy_json_util.cc:198: Symbol successfully upgraded!
WARNING:root:Already bound, ignoring bind()
C:\python27\lib\site-packages\mxnet\module\base_module.py:464: UserWarning: Parameters already initialized and force_init=False. init_params call ignored.
  allow_missing=allow_missing, force_init=force_init)
INFO:root:Epoch[0] Batch [5]	Speed: 1.83 samples/sec	mae=31.653861
INFO:root:Epoch[0] Batch [10]	Speed: 1.84 samples/sec	mae=25.150867
INFO:root:Epoch[0] Batch [15]	Speed: 1.84 samples/sec	mae=28.851491
INFO:root:Epoch[0] Batch [20]	Speed: 1.86 samples/sec	mae=26.304419
INFO:root:Epoch[0] Batch [25]	Speed: 1.87 samples/sec	mae=29.353332
INFO:root:Epoch[0] Batch [30]	Speed: 1.86 samples/sec	mae=30.587875
INFO:root:Epoch[0] Batch [35]	Speed: 1.85 samples/sec	mae=42.634837
INFO:root:Epoch[0] Batch [40]	Speed: 1.81 samples/sec	mae=28.939735
INFO:root:Epoch[0] Batch [45]	Speed: 1.85 samples/sec	mae=43.087611
INFO:root:Epoch[0] Batch [50]	Speed: 1.86 samples/sec	mae=29.162600
INFO:root:Epoch[0] Batch [55]	Speed: 1.87 samples/sec	mae=23.268249
INFO:root:Epoch[0] Batch [60]	Speed: 1.86 samples/sec	mae=24.568190
INFO:root:Epoch[0] Batch [65]	Speed: 1.85 samples/sec	mae=29.916370
INFO:root:Epoch[0] Batch [70]	Speed: 1.84 samples/sec	mae=31.518219
INFO:root:Epoch[0] Batch [75]	Speed: 1.84 samples/sec	mae=32.792971
INFO:root:Epoch[0] Batch [80]	Speed: 1.86 samples/sec	mae=34.302865
INFO:root:Epoch[0] Batch [85]	Speed: 1.87 samples/sec	mae=29.295765
INFO:root:Epoch[0] Batch [90]	Speed: 1.86 samples/sec	mae=23.075957
INFO:root:Epoch[0] Batch [95]	Speed: 1.84 samples/sec	mae=32.967609
INFO:root:Epoch[0] Batch [100]	Speed: 1.86 samples/sec	mae=32.187463
INFO:root:Epoch[0] Batch [105]	Speed: 1.88 samples/sec	mae=33.954519
INFO:root:Epoch[0] Batch [110]	Speed: 1.87 samples/sec	mae=27.519253
INFO:root:Epoch[0] Batch [115]	Speed: 1.89 samples/sec	mae=28.088748
INFO:root:Epoch[0] Batch [120]	Speed: 1.86 samples/sec	mae=28.383846
INFO:root:Epoch[0] Batch [125]	Speed: 1.86 samples/sec	mae=28.643088
INFO:root:Epoch[0] Batch [130]	Speed: 1.86 samples/sec	mae=32.288434
INFO:root:Epoch[0] Batch [135]	Speed: 1.88 samples/sec	mae=33.092074
INFO:root:Epoch[0] Batch [140]	Speed: 1.87 samples/sec	mae=32.353831
INFO:root:Epoch[0] Batch [145]	Speed: 1.87 samples/sec	mae=35.711354
INFO:root:Epoch[0] Batch [150]	Speed: 1.87 samples/sec	mae=29.619810
INFO:root:Epoch[0] Batch [155]	Speed: 1.86 samples/sec	mae=22.699105
INFO:root:Epoch[0] Batch [160]	Speed: 1.83 samples/sec	mae=27.706446
INFO:root:Epoch[0] Batch [165]	Speed: 1.82 samples/sec	mae=22.305398
INFO:root:Epoch[0] Batch [170]	Speed: 1.84 samples/sec	mae=24.787704
INFO:root:Epoch[0] Batch [175]	Speed: 1.79 samples/sec	mae=28.541872
INFO:root:Epoch[0] Batch [180]	Speed: 1.76 samples/sec	mae=32.614286
INFO:root:Epoch[0] Batch [185]	Speed: 1.75 samples/sec	mae=36.655970
INFO:root:Epoch[0] Batch [190]	Speed: 1.73 samples/sec	mae=30.877948
INFO:root:Epoch[0] Batch [195]	Speed: 1.71 samples/sec	mae=41.899665
INFO:root:Epoch[0] Batch [200]	Speed: 1.67 samples/sec	mae=26.356054
INFO:root:Epoch[0] Batch [205]	Speed: 1.68 samples/sec	mae=30.708171
INFO:root:Epoch[0] Batch [210]	Speed: 1.69 samples/sec	mae=31.677973
INFO:root:Epoch[0] Batch [215]	Speed: 1.67 samples/sec	mae=25.040680
INFO:root:Epoch[0] Batch [220]	Speed: 1.69 samples/sec	mae=29.193885
INFO:root:Epoch[0] Batch [225]	Speed: 1.60 samples/sec	mae=29.505993
INFO:root:Epoch[0] Batch [230]	Speed: 1.77 samples/sec	mae=32.589098
INFO:root:Epoch[0] Batch [235]	Speed: 1.72 samples/sec	mae=33.217212
INFO:root:Epoch[0] Batch [240]	Speed: 1.78 samples/sec	mae=25.664046
INFO:root:Epoch[0] Batch [245]	Speed: 1.82 samples/sec	mae=25.655007
INFO:root:Epoch[0] Batch [250]	Speed: 1.82 samples/sec	mae=27.451991
INFO:root:Epoch[0] Batch [255]	Speed: 1.82 samples/sec	mae=26.149890
INFO:root:Epoch[0] Batch [260]	Speed: 1.82 samples/sec	mae=25.642415
INFO:root:Epoch[0] Batch [265]	Speed: 1.83 samples/sec	mae=27.122824
INFO:root:Epoch[0] Batch [270]	Speed: 1.82 samples/sec	mae=21.515895
INFO:root:Epoch[0] Batch [275]	Speed: 1.82 samples/sec	mae=29.627892
INFO:root:Epoch[0] Batch [280]	Speed: 1.82 samples/sec	mae=29.728382
INFO:root:Epoch[0] Batch [285]	Speed: 1.83 samples/sec	mae=26.247315
INFO:root:Epoch[0] Batch [290]	Speed: 1.82 samples/sec	mae=33.534323
INFO:root:Epoch[0] Batch [295]	Speed: 1.83 samples/sec	mae=33.742490
INFO:root:Epoch[0] Batch [300]	Speed: 1.82 samples/sec	mae=28.736907
INFO:root:Epoch[0] Batch [305]	Speed: 1.82 samples/sec	mae=30.840757
INFO:root:Epoch[0] Batch [310]	Speed: 1.79 samples/sec	mae=29.315232
INFO:root:Epoch[0] Batch [315]	Speed: 1.82 samples/sec	mae=31.743663
INFO:root:Epoch[0] Batch [320]	Speed: 1.82 samples/sec	mae=25.133467
INFO:root:Epoch[0] Batch [325]	Speed: 1.82 samples/sec	mae=25.189488
INFO:root:Epoch[0] Batch [330]	Speed: 1.82 samples/sec	mae=35.843227
INFO:root:Epoch[0] Batch [335]	Speed: 1.83 samples/sec	mae=37.050391
INFO:root:Epoch[0] Batch [340]	Speed: 1.83 samples/sec	mae=38.274446
INFO:root:Epoch[0] Batch [345]	Speed: 1.82 samples/sec	mae=25.410906
INFO:root:Epoch[0] Batch [350]	Speed: 1.82 samples/sec	mae=31.532573
INFO:root:Epoch[0] Batch [355]	Speed: 1.82 samples/sec	mae=24.851373
INFO:root:Epoch[0] Batch [360]	Speed: 1.82 samples/sec	mae=33.309533
INFO:root:Epoch[0] Batch [365]	Speed: 1.82 samples/sec	mae=27.806302
INFO:root:Epoch[0] Batch [370]	Speed: 1.83 samples/sec	mae=30.620822
INFO:root:Epoch[0] Batch [375]	Speed: 1.81 samples/sec	mae=34.087751
INFO:root:Epoch[0] Batch [380]	Speed: 1.82 samples/sec	mae=24.434172
INFO:root:Epoch[0] Batch [385]	Speed: 1.81 samples/sec	mae=32.657175
INFO:root:Epoch[0] Batch [390]	Speed: 1.82 samples/sec	mae=29.160175
INFO:root:Epoch[0] Batch [395]	Speed: 1.82 samples/sec	mae=28.638543
INFO:root:Epoch[0] Batch [400]	Speed: 1.82 samples/sec	mae=34.562808
INFO:root:Epoch[0] Batch [405]	Speed: 1.82 samples/sec	mae=22.303564
INFO:root:Epoch[0] Batch [410]	Speed: 1.81 samples/sec	mae=40.355208
INFO:root:Epoch[0] Batch [415]	Speed: 1.81 samples/sec	mae=36.681207
INFO:root:Epoch[0] Batch [420]	Speed: 1.82 samples/sec	mae=26.420773
INFO:root:Epoch[0] Batch [425]	Speed: 1.81 samples/sec	mae=25.335668
INFO:root:Epoch[0] Batch [430]	Speed: 1.82 samples/sec	mae=35.647582
INFO:root:Epoch[0] Batch [435]	Speed: 1.81 samples/sec	mae=27.663891
INFO:root:Epoch[0] Batch [440]	Speed: 1.81 samples/sec	mae=24.744894
INFO:root:Epoch[0] Batch [445]	Speed: 1.82 samples/sec	mae=36.390988
INFO:root:Epoch[0] Batch [450]	Speed: 1.82 samples/sec	mae=27.183755
INFO:root:Epoch[0] Batch [455]	Speed: 1.82 samples/sec	mae=33.650699
INFO:root:Epoch[0] Batch [460]	Speed: 1.82 samples/sec	mae=42.285658
INFO:root:Epoch[0] Batch [465]	Speed: 1.81 samples/sec	mae=32.967039
INFO:root:Epoch[0] Batch [470]	Speed: 1.82 samples/sec	mae=34.187989
INFO:root:Epoch[0] Batch [475]	Speed: 1.82 samples/sec	mae=31.661438
INFO:root:Epoch[0] Batch [480]	Speed: 1.82 samples/sec	mae=28.177541
INFO:root:Epoch[0] Batch [485]	Speed: 1.82 samples/sec	mae=34.478696
INFO:root:Epoch[0] Batch [490]	Speed: 1.81 samples/sec	mae=31.563232
INFO:root:Epoch[0] Batch [495]	Speed: 1.82 samples/sec	mae=31.587094
INFO:root:Epoch[0] Batch [500]	Speed: 1.82 samples/sec	mae=35.598889
INFO:root:Epoch[0] Batch [505]	Speed: 1.81 samples/sec	mae=29.378691
INFO:root:Epoch[0] Batch [510]	Speed: 1.81 samples/sec	mae=31.815030
INFO:root:Epoch[0] Batch [515]	Speed: 1.81 samples/sec	mae=34.266052
INFO:root:Epoch[0] Batch [520]	Speed: 1.81 samples/sec	mae=33.075173
INFO:root:Epoch[0] Batch [525]	Speed: 1.82 samples/sec	mae=35.493759
INFO:root:Epoch[0] Batch [530]	Speed: 1.82 samples/sec	mae=37.601405
INFO:root:Epoch[0] Batch [535]	Speed: 1.82 samples/sec	mae=26.472528
INFO:root:Epoch[0] Batch [540]	Speed: 1.81 samples/sec	mae=31.714293
INFO:root:Epoch[0] Batch [545]	Speed: 1.82 samples/sec	mae=29.787109
INFO:root:Epoch[0] Batch [550]	Speed: 1.82 samples/sec	mae=35.613485
INFO:root:Epoch[0] Batch [555]	Speed: 1.82 samples/sec	mae=22.955802
INFO:root:Epoch[0] Batch [560]	Speed: 1.82 samples/sec	mae=33.245056
INFO:root:Epoch[0] Batch [565]	Speed: 1.82 samples/sec	mae=29.803008
INFO:root:Epoch[0] Batch [570]	Speed: 1.81 samples/sec	mae=31.032038
INFO:root:Epoch[0] Batch [575]	Speed: 1.81 samples/sec	mae=24.536534
INFO:root:Epoch[0] Batch [580]	Speed: 1.81 samples/sec	mae=35.806522
INFO:root:Epoch[0] Batch [585]	Speed: 1.82 samples/sec	mae=33.206209
INFO:root:Epoch[0] Batch [590]	Speed: 1.82 samples/sec	mae=31.459807
INFO:root:Epoch[0] Batch [595]	Speed: 1.82 samples/sec	mae=21.072536
INFO:root:Epoch[0] Batch [600]	Speed: 1.82 samples/sec	mae=37.467754
INFO:root:Epoch[0] Batch [605]	Speed: 1.81 samples/sec	mae=31.905752
INFO:root:Epoch[0] Batch [610]	Speed: 1.82 samples/sec	mae=31.103973
INFO:root:Epoch[0] Batch [615]	Speed: 1.82 samples/sec	mae=29.270234
INFO:root:Epoch[0] Batch [620]	Speed: 1.82 samples/sec	mae=20.495264
INFO:root:Epoch[0] Batch [625]	Speed: 1.82 samples/sec	mae=31.650130
INFO:root:Epoch[0] Batch [630]	Speed: 1.82 samples/sec	mae=31.667443
INFO:root:Epoch[0] Batch [635]	Speed: 1.82 samples/sec	mae=25.134692
INFO:root:Epoch[0] Batch [640]	Speed: 1.82 samples/sec	mae=32.778059
INFO:root:Epoch[0] Batch [645]	Speed: 1.81 samples/sec	mae=29.171947
INFO:root:Epoch[0] Batch [650]	Speed: 1.82 samples/sec	mae=26.374575
INFO:root:Epoch[0] Batch [655]	Speed: 1.81 samples/sec	mae=27.095969
INFO:root:Epoch[0] Batch [660]	Speed: 1.81 samples/sec	mae=28.830838
INFO:root:Epoch[0] Batch [665]	Speed: 1.82 samples/sec	mae=25.691931
INFO:root:Epoch[0] Batch [670]	Speed: 1.80 samples/sec	mae=33.227726
INFO:root:Epoch[0] Batch [675]	Speed: 1.82 samples/sec	mae=25.499577
INFO:root:Epoch[0] Batch [680]	Speed: 1.82 samples/sec	mae=28.335342
INFO:root:Epoch[0] Batch [685]	Speed: 1.81 samples/sec	mae=25.448059
INFO:root:Epoch[0] Batch [690]	Speed: 1.82 samples/sec	mae=34.849705
INFO:root:Epoch[0] Batch [695]	Speed: 1.81 samples/sec	mae=35.689555
INFO:root:Epoch[0] Batch [700]	Speed: 1.82 samples/sec	mae=28.198323
INFO:root:Epoch[0] Batch [705]	Speed: 1.82 samples/sec	mae=34.404455
INFO:root:Epoch[0] Batch [710]	Speed: 1.80 samples/sec	mae=32.490541
INFO:root:Epoch[0] Batch [715]	Speed: 1.81 samples/sec	mae=21.474485
INFO:root:Epoch[0] Batch [720]	Speed: 1.81 samples/sec	mae=33.822778
INFO:root:Epoch[0] Batch [725]	Speed: 1.81 samples/sec	mae=36.302263
INFO:root:Epoch[0] Batch [730]	Speed: 1.80 samples/sec	mae=27.682215
INFO:root:Epoch[0] Batch [735]	Speed: 1.80 samples/sec	mae=26.608264
INFO:root:Epoch[0] Batch [740]	Speed: 1.80 samples/sec	mae=20.408645
INFO:root:Epoch[0] Batch [745]	Speed: 1.81 samples/sec	mae=42.434915
INFO:root:Epoch[0] Batch [750]	Speed: 1.80 samples/sec	mae=23.109726
INFO:root:Epoch[0] Batch [755]	Speed: 1.81 samples/sec	mae=26.990673
INFO:root:Epoch[0] Batch [760]	Speed: 1.81 samples/sec	mae=28.030130
INFO:root:Epoch[0] Batch [765]	Speed: 1.81 samples/sec	mae=36.836535
INFO:root:Epoch[0] Batch [770]	Speed: 1.81 samples/sec	mae=30.647136
INFO:root:Epoch[0] Batch [775]	Speed: 1.81 samples/sec	mae=32.191455
INFO:root:Epoch[0] Batch [780]	Speed: 1.81 samples/sec	mae=36.587928
INFO:root:Epoch[0] Batch [785]	Speed: 1.81 samples/sec	mae=33.623616
INFO:root:Epoch[0] Batch [790]	Speed: 1.81 samples/sec	mae=22.438882
INFO:root:Epoch[0] Batch [795]	Speed: 1.81 samples/sec	mae=25.623889
INFO:root:Epoch[0] Batch [800]	Speed: 1.80 samples/sec	mae=42.179986
INFO:root:Epoch[0] Batch [805]	Speed: 1.80 samples/sec	mae=32.315131
INFO:root:Epoch[0] Batch [810]	Speed: 1.80 samples/sec	mae=27.034171
INFO:root:Epoch[0] Batch [815]	Speed: 1.81 samples/sec	mae=32.358969
INFO:root:Epoch[0] Batch [820]	Speed: 1.81 samples/sec	mae=28.455949
INFO:root:Epoch[0] Batch [825]	Speed: 1.80 samples/sec	mae=29.703418
INFO:root:Epoch[0] Batch [830]	Speed: 1.81 samples/sec	mae=28.764890
INFO:root:Epoch[0] Batch [835]	Speed: 1.81 samples/sec	mae=30.237178
INFO:root:Epoch[0] Batch [840]	Speed: 1.80 samples/sec	mae=28.863235
INFO:root:Epoch[0] Batch [845]	Speed: 1.81 samples/sec	mae=29.886595
INFO:root:Epoch[0] Batch [850]	Speed: 1.80 samples/sec	mae=32.305548
INFO:root:Epoch[0] Batch [855]	Speed: 1.82 samples/sec	mae=37.280858
INFO:root:Epoch[0] Batch [860]	Speed: 1.81 samples/sec	mae=28.842288
INFO:root:Epoch[0] Batch [865]	Speed: 1.81 samples/sec	mae=32.478579
INFO:root:Epoch[0] Batch [870]	Speed: 1.81 samples/sec	mae=27.211503
INFO:root:Epoch[0] Batch [875]	Speed: 1.81 samples/sec	mae=39.004649
INFO:root:Epoch[0] Batch [880]	Speed: 1.81 samples/sec	mae=33.391159
INFO:root:Epoch[0] Batch [885]	Speed: 1.81 samples/sec	mae=39.241924
INFO:root:Epoch[0] Batch [890]	Speed: 1.82 samples/sec	mae=26.674540
INFO:root:Epoch[0] Batch [895]	Speed: 1.81 samples/sec	mae=27.829961
INFO:root:Epoch[0] Batch [900]	Speed: 1.81 samples/sec	mae=28.959028
INFO:root:Epoch[0] Batch [905]	Speed: 1.82 samples/sec	mae=25.921250
INFO:root:Epoch[0] Batch [910]	Speed: 1.80 samples/sec	mae=42.063132
INFO:root:Epoch[0] Batch [915]	Speed: 1.81 samples/sec	mae=34.231730
INFO:root:Epoch[0] Batch [920]	Speed: 1.82 samples/sec	mae=30.012873
INFO:root:Epoch[0] Batch [925]	Speed: 1.80 samples/sec	mae=26.456097
INFO:root:Epoch[0] Batch [930]	Speed: 1.81 samples/sec	mae=39.125346
INFO:root:Epoch[0] Batch [935]	Speed: 1.82 samples/sec	mae=19.806127
INFO:root:Epoch[0] Batch [940]	Speed: 1.81 samples/sec	mae=28.043235
INFO:root:Epoch[0] Batch [945]	Speed: 1.81 samples/sec	mae=22.332418
INFO:root:Epoch[0] Batch [950]	Speed: 1.82 samples/sec	mae=32.919375
INFO:root:Epoch[0] Batch [955]	Speed: 1.81 samples/sec	mae=32.784951
INFO:root:Epoch[0] Batch [960]	Speed: 1.78 samples/sec	mae=25.260937
INFO:root:Epoch[0] Batch [965]	Speed: 1.78 samples/sec	mae=22.400911
INFO:root:Epoch[0] Batch [970]	Speed: 1.81 samples/sec	mae=26.452747
INFO:root:Epoch[0] Batch [975]	Speed: 1.80 samples/sec	mae=37.056434
INFO:root:Epoch[0] Batch [980]	Speed: 1.80 samples/sec	mae=21.310250
INFO:root:Epoch[0] Batch [985]	Speed: 1.80 samples/sec	mae=29.960254
INFO:root:Epoch[0] Batch [990]	Speed: 1.81 samples/sec	mae=33.665587
INFO:root:Epoch[0] Batch [995]	Speed: 1.81 samples/sec	mae=36.668548
INFO:root:Epoch[0] Train-mae=23.480132
INFO:root:Epoch[0] Time cost=551.901
INFO:root:Saved checkpoint to "../params/tune-0001.params"
INFO:root:Epoch[1] Batch [5]	Speed: 1.76 samples/sec	mae=25.292284
INFO:root:Epoch[1] Batch [10]	Speed: 1.76 samples/sec	mae=33.343143
INFO:root:Epoch[1] Batch [15]	Speed: 1.79 samples/sec	mae=25.064829
INFO:root:Epoch[1] Batch [20]	Speed: 1.81 samples/sec	mae=28.899218
INFO:root:Epoch[1] Batch [25]	Speed: 1.80 samples/sec	mae=34.696465
INFO:root:Epoch[1] Batch [30]	Speed: 1.81 samples/sec	mae=29.639022
INFO:root:Epoch[1] Batch [35]	Speed: 1.80 samples/sec	mae=31.203860
INFO:root:Epoch[1] Batch [40]	Speed: 1.80 samples/sec	mae=26.633567
INFO:root:Epoch[1] Batch [45]	Speed: 1.82 samples/sec	mae=30.736420
INFO:root:Epoch[1] Batch [50]	Speed: 1.80 samples/sec	mae=32.791168
INFO:root:Epoch[1] Batch [55]	Speed: 1.80 samples/sec	mae=20.931222
INFO:root:Epoch[1] Batch [60]	Speed: 1.81 samples/sec	mae=25.507967
INFO:root:Epoch[1] Batch [65]	Speed: 1.80 samples/sec	mae=32.228931
INFO:root:Epoch[1] Batch [70]	Speed: 1.81 samples/sec	mae=23.167573
INFO:root:Epoch[1] Batch [75]	Speed: 1.80 samples/sec	mae=24.625052
INFO:root:Epoch[1] Batch [80]	Speed: 1.81 samples/sec	mae=32.072720
INFO:root:Epoch[1] Batch [85]	Speed: 1.81 samples/sec	mae=20.599102
INFO:root:Epoch[1] Batch [90]	Speed: 1.80 samples/sec	mae=27.305186
INFO:root:Epoch[1] Batch [95]	Speed: 1.81 samples/sec	mae=30.489786
INFO:root:Epoch[1] Batch [100]	Speed: 1.80 samples/sec	mae=29.067912
INFO:root:Epoch[1] Batch [105]	Speed: 1.81 samples/sec	mae=21.693325
INFO:root:Epoch[1] Batch [110]	Speed: 1.79 samples/sec	mae=20.492531
INFO:root:Epoch[1] Batch [115]	Speed: 1.80 samples/sec	mae=23.221605
INFO:root:Epoch[1] Batch [120]	Speed: 1.81 samples/sec	mae=33.119107
INFO:root:Epoch[1] Batch [125]	Speed: 1.79 samples/sec	mae=27.990413
INFO:root:Epoch[1] Batch [130]	Speed: 1.80 samples/sec	mae=31.461262
INFO:root:Epoch[1] Batch [135]	Speed: 1.81 samples/sec	mae=32.107190
INFO:root:Epoch[1] Batch [140]	Speed: 1.80 samples/sec	mae=33.165591
INFO:root:Epoch[1] Batch [145]	Speed: 1.81 samples/sec	mae=32.804132
INFO:root:Epoch[1] Batch [150]	Speed: 1.80 samples/sec	mae=32.225937
INFO:root:Epoch[1] Batch [155]	Speed: 1.81 samples/sec	mae=25.703882
INFO:root:Epoch[1] Batch [160]	Speed: 1.80 samples/sec	mae=38.944994
INFO:root:Epoch[1] Batch [165]	Speed: 1.81 samples/sec	mae=41.705889
INFO:root:Epoch[1] Batch [170]	Speed: 1.80 samples/sec	mae=31.752782
INFO:root:Epoch[1] Batch [175]	Speed: 1.80 samples/sec	mae=30.635350
INFO:root:Epoch[1] Batch [180]	Speed: 1.80 samples/sec	mae=36.248041
INFO:root:Epoch[1] Batch [185]	Speed: 1.80 samples/sec	mae=36.281171
INFO:root:Epoch[1] Batch [190]	Speed: 1.80 samples/sec	mae=34.691483
INFO:root:Epoch[1] Batch [195]	Speed: 1.81 samples/sec	mae=31.795138
INFO:root:Epoch[1] Batch [200]	Speed: 1.80 samples/sec	mae=42.298550
INFO:root:Epoch[1] Batch [205]	Speed: 1.81 samples/sec	mae=29.016107
INFO:root:Epoch[1] Batch [210]	Speed: 1.80 samples/sec	mae=37.753353
INFO:root:Epoch[1] Batch [215]	Speed: 1.80 samples/sec	mae=34.078723
INFO:root:Epoch[1] Batch [220]	Speed: 1.81 samples/sec	mae=34.750983
INFO:root:Epoch[1] Batch [225]	Speed: 1.81 samples/sec	mae=46.627835
INFO:root:Epoch[1] Batch [230]	Speed: 1.81 samples/sec	mae=30.939883
INFO:root:Epoch[1] Batch [235]	Speed: 1.80 samples/sec	mae=34.383805
INFO:root:Epoch[1] Batch [240]	Speed: 1.80 samples/sec	mae=32.835660
INFO:root:Epoch[1] Batch [245]	Speed: 1.80 samples/sec	mae=32.754428
INFO:root:Epoch[1] Batch [250]	Speed: 1.81 samples/sec	mae=31.195556
INFO:root:Epoch[1] Batch [255]	Speed: 1.81 samples/sec	mae=29.368085
INFO:root:Epoch[1] Batch [260]	Speed: 1.81 samples/sec	mae=32.351676
INFO:root:Epoch[1] Batch [265]	Speed: 1.81 samples/sec	mae=30.832441
INFO:root:Epoch[1] Batch [270]	Speed: 1.78 samples/sec	mae=28.086106
INFO:root:Epoch[1] Batch [275]	Speed: 1.81 samples/sec	mae=29.378849
INFO:root:Epoch[1] Batch [280]	Speed: 1.81 samples/sec	mae=33.568015
INFO:root:Epoch[1] Batch [285]	Speed: 1.81 samples/sec	mae=28.442243
INFO:root:Epoch[1] Batch [290]	Speed: 1.81 samples/sec	mae=31.464288
INFO:root:Epoch[1] Batch [295]	Speed: 1.79 samples/sec	mae=31.677323
INFO:root:Epoch[1] Batch [300]	Speed: 1.82 samples/sec	mae=34.214538
INFO:root:Epoch[1] Batch [305]	Speed: 1.81 samples/sec	mae=29.177561
INFO:root:Epoch[1] Batch [310]	Speed: 1.80 samples/sec	mae=25.043830
INFO:root:Epoch[1] Batch [315]	Speed: 1.81 samples/sec	mae=27.707575
INFO:root:Epoch[1] Batch [320]	Speed: 1.80 samples/sec	mae=26.940026
INFO:root:Epoch[1] Batch [325]	Speed: 1.80 samples/sec	mae=28.872983
INFO:root:Epoch[1] Batch [330]	Speed: 1.80 samples/sec	mae=29.606483
INFO:root:Epoch[1] Batch [335]	Speed: 1.81 samples/sec	mae=27.181794
INFO:root:Epoch[1] Batch [340]	Speed: 1.80 samples/sec	mae=32.300844
INFO:root:Epoch[1] Batch [345]	Speed: 1.81 samples/sec	mae=27.684404
INFO:root:Epoch[1] Batch [350]	Speed: 1.80 samples/sec	mae=31.269953
INFO:root:Epoch[1] Batch [355]	Speed: 1.80 samples/sec	mae=29.659054
INFO:root:Epoch[1] Batch [360]	Speed: 1.81 samples/sec	mae=39.325499
INFO:root:Epoch[1] Batch [365]	Speed: 1.80 samples/sec	mae=28.997016
INFO:root:Epoch[1] Batch [370]	Speed: 1.81 samples/sec	mae=32.328836
INFO:root:Epoch[1] Batch [375]	Speed: 1.80 samples/sec	mae=30.438343
INFO:root:Epoch[1] Batch [380]	Speed: 1.81 samples/sec	mae=34.943871
INFO:root:Epoch[1] Batch [385]	Speed: 1.80 samples/sec	mae=27.535368
INFO:root:Epoch[1] Batch [390]	Speed: 1.81 samples/sec	mae=27.398960
INFO:root:Epoch[1] Batch [395]	Speed: 1.80 samples/sec	mae=24.269956
INFO:root:Epoch[1] Batch [400]	Speed: 1.81 samples/sec	mae=28.352568
INFO:root:Epoch[1] Batch [405]	Speed: 1.80 samples/sec	mae=35.943963
INFO:root:Epoch[1] Batch [410]	Speed: 1.79 samples/sec	mae=24.335252
INFO:root:Epoch[1] Batch [415]	Speed: 1.81 samples/sec	mae=33.527255
INFO:root:Epoch[1] Batch [420]	Speed: 1.81 samples/sec	mae=33.855637
INFO:root:Epoch[1] Batch [425]	Speed: 1.81 samples/sec	mae=26.673717
INFO:root:Epoch[1] Batch [430]	Speed: 1.80 samples/sec	mae=28.831016
INFO:root:Epoch[1] Batch [435]	Speed: 1.81 samples/sec	mae=26.607114
INFO:root:Epoch[1] Batch [440]	Speed: 1.81 samples/sec	mae=31.400680
INFO:root:Epoch[1] Batch [445]	Speed: 1.81 samples/sec	mae=30.458188
INFO:root:Epoch[1] Batch [450]	Speed: 1.80 samples/sec	mae=24.837277
INFO:root:Epoch[1] Batch [455]	Speed: 1.81 samples/sec	mae=36.370024
INFO:root:Epoch[1] Batch [460]	Speed: 1.81 samples/sec	mae=31.034303
INFO:root:Epoch[1] Batch [465]	Speed: 1.81 samples/sec	mae=28.606522
INFO:root:Epoch[1] Batch [470]	Speed: 1.81 samples/sec	mae=21.209267
INFO:root:Epoch[1] Batch [475]	Speed: 1.81 samples/sec	mae=38.524305
INFO:root:Epoch[1] Batch [480]	Speed: 1.81 samples/sec	mae=30.728307
INFO:root:Epoch[1] Batch [485]	Speed: 1.81 samples/sec	mae=25.820181
INFO:root:Epoch[1] Batch [490]	Speed: 1.81 samples/sec	mae=30.196366
INFO:root:Epoch[1] Batch [495]	Speed: 1.81 samples/sec	mae=38.879081
INFO:root:Epoch[1] Batch [500]	Speed: 1.81 samples/sec	mae=22.725205
INFO:root:Epoch[1] Batch [505]	Speed: 1.81 samples/sec	mae=26.318885
INFO:root:Epoch[1] Batch [510]	Speed: 1.80 samples/sec	mae=32.878355
INFO:root:Epoch[1] Batch [515]	Speed: 1.80 samples/sec	mae=27.327034
INFO:root:Epoch[1] Batch [520]	Speed: 1.80 samples/sec	mae=22.171338
INFO:root:Epoch[1] Batch [525]	Speed: 1.81 samples/sec	mae=26.047943
INFO:root:Epoch[1] Batch [530]	Speed: 1.80 samples/sec	mae=40.428126
INFO:root:Epoch[1] Batch [535]	Speed: 1.81 samples/sec	mae=34.232720
INFO:root:Epoch[1] Batch [540]	Speed: 1.79 samples/sec	mae=36.588907
INFO:root:Epoch[1] Batch [545]	Speed: 1.81 samples/sec	mae=27.677989
INFO:root:Epoch[1] Batch [550]	Speed: 1.81 samples/sec	mae=26.106504
INFO:root:Epoch[1] Batch [555]	Speed: 1.85 samples/sec	mae=32.886770
INFO:root:Epoch[1] Batch [560]	Speed: 1.86 samples/sec	mae=33.733129
INFO:root:Epoch[1] Batch [565]	Speed: 1.86 samples/sec	mae=29.079150
INFO:root:Epoch[1] Batch [570]	Speed: 1.85 samples/sec	mae=33.400164
INFO:root:Epoch[1] Batch [575]	Speed: 1.82 samples/sec	mae=28.452193
INFO:root:Epoch[1] Batch [580]	Speed: 1.79 samples/sec	mae=32.703739
INFO:root:Epoch[1] Batch [585]	Speed: 1.78 samples/sec	mae=27.874678
INFO:root:Epoch[1] Batch [590]	Speed: 1.79 samples/sec	mae=27.902589
INFO:root:Epoch[1] Batch [595]	Speed: 1.78 samples/sec	mae=29.093937
INFO:root:Epoch[1] Batch [600]	Speed: 1.79 samples/sec	mae=40.497311
INFO:root:Epoch[1] Batch [605]	Speed: 1.78 samples/sec	mae=25.727327
INFO:root:Epoch[1] Batch [610]	Speed: 1.79 samples/sec	mae=22.993324
INFO:root:Epoch[1] Batch [615]	Speed: 1.78 samples/sec	mae=30.828556
INFO:root:Epoch[1] Batch [620]	Speed: 1.78 samples/sec	mae=29.878287
INFO:root:Epoch[1] Batch [625]	Speed: 1.78 samples/sec	mae=32.754790
INFO:root:Epoch[1] Batch [630]	Speed: 1.78 samples/sec	mae=33.962249
INFO:root:Epoch[1] Batch [635]	Speed: 1.78 samples/sec	mae=25.787721
INFO:root:Epoch[1] Batch [640]	Speed: 1.78 samples/sec	mae=30.018921
INFO:root:Epoch[1] Batch [645]	Speed: 1.78 samples/sec	mae=32.611094
INFO:root:Epoch[1] Batch [650]	Speed: 1.79 samples/sec	mae=41.818663
INFO:root:Epoch[1] Batch [655]	Speed: 1.79 samples/sec	mae=39.489021
INFO:root:Epoch[1] Batch [660]	Speed: 1.78 samples/sec	mae=31.212202
INFO:root:Epoch[1] Batch [665]	Speed: 1.78 samples/sec	mae=35.295656
INFO:root:Epoch[1] Batch [670]	Speed: 1.78 samples/sec	mae=21.818790
INFO:root:Epoch[1] Batch [675]	Speed: 1.78 samples/sec	mae=27.473449
INFO:root:Epoch[1] Batch [680]	Speed: 1.79 samples/sec	mae=37.730675
INFO:root:Epoch[1] Batch [685]	Speed: 1.79 samples/sec	mae=34.964865
INFO:root:Epoch[1] Batch [690]	Speed: 1.80 samples/sec	mae=27.740413
INFO:root:Epoch[1] Batch [695]	Speed: 1.79 samples/sec	mae=28.415403
INFO:root:Epoch[1] Batch [700]	Speed: 1.79 samples/sec	mae=29.848338
INFO:root:Epoch[1] Batch [705]	Speed: 1.78 samples/sec	mae=27.571493
INFO:root:Epoch[1] Batch [710]	Speed: 1.79 samples/sec	mae=26.735434
INFO:root:Epoch[1] Batch [715]	Speed: 1.79 samples/sec	mae=32.570454
INFO:root:Epoch[1] Batch [720]	Speed: 1.78 samples/sec	mae=34.184159
INFO:root:Epoch[1] Batch [725]	Speed: 1.79 samples/sec	mae=27.849797
INFO:root:Epoch[1] Batch [730]	Speed: 1.78 samples/sec	mae=24.364252
INFO:root:Epoch[1] Batch [735]	Speed: 1.79 samples/sec	mae=25.697713
INFO:root:Epoch[1] Batch [740]	Speed: 1.79 samples/sec	mae=35.466501
INFO:root:Epoch[1] Batch [745]	Speed: 1.79 samples/sec	mae=27.957433
INFO:root:Epoch[1] Batch [750]	Speed: 1.79 samples/sec	mae=29.616960
INFO:root:Epoch[1] Batch [755]	Speed: 1.76 samples/sec	mae=27.742384
INFO:root:Epoch[1] Batch [760]	Speed: 1.78 samples/sec	mae=42.888006
INFO:root:Epoch[1] Batch [765]	Speed: 1.78 samples/sec	mae=33.899641
INFO:root:Epoch[1] Batch [770]	Speed: 1.79 samples/sec	mae=25.340393
INFO:root:Epoch[1] Batch [775]	Speed: 1.78 samples/sec	mae=27.135202
INFO:root:Epoch[1] Batch [780]	Speed: 1.79 samples/sec	mae=29.301243
INFO:root:Epoch[1] Batch [785]	Speed: 1.79 samples/sec	mae=27.790943
INFO:root:Epoch[1] Batch [790]	Speed: 1.78 samples/sec	mae=23.102876
INFO:root:Epoch[1] Batch [795]	Speed: 1.78 samples/sec	mae=28.809825
INFO:root:Epoch[1] Batch [800]	Speed: 1.78 samples/sec	mae=28.862771
INFO:root:Epoch[1] Batch [805]	Speed: 1.79 samples/sec	mae=19.189650
INFO:root:Epoch[1] Batch [810]	Speed: 1.78 samples/sec	mae=30.605792
INFO:root:Epoch[1] Batch [815]	Speed: 1.78 samples/sec	mae=31.501564
INFO:root:Epoch[1] Batch [820]	Speed: 1.79 samples/sec	mae=28.862115
INFO:root:Epoch[1] Batch [825]	Speed: 1.77 samples/sec	mae=27.549329
INFO:root:Epoch[1] Batch [830]	Speed: 1.77 samples/sec	mae=34.152004
INFO:root:Epoch[1] Batch [835]	Speed: 1.78 samples/sec	mae=29.818364
INFO:root:Epoch[1] Batch [840]	Speed: 1.79 samples/sec	mae=26.703478
INFO:root:Epoch[1] Batch [845]	Speed: 1.78 samples/sec	mae=34.382045
INFO:root:Epoch[1] Batch [850]	Speed: 1.78 samples/sec	mae=25.925413
INFO:root:Epoch[1] Batch [855]	Speed: 1.79 samples/sec	mae=25.015409
INFO:root:Epoch[1] Batch [860]	Speed: 1.79 samples/sec	mae=42.863571
INFO:root:Epoch[1] Batch [865]	Speed: 1.79 samples/sec	mae=28.354289
INFO:root:Epoch[1] Batch [870]	Speed: 1.78 samples/sec	mae=29.220521
INFO:root:Epoch[1] Batch [875]	Speed: 1.79 samples/sec	mae=30.247923
INFO:root:Epoch[1] Batch [880]	Speed: 1.78 samples/sec	mae=28.647888
INFO:root:Epoch[1] Batch [885]	Speed: 1.79 samples/sec	mae=30.724470
INFO:root:Epoch[1] Batch [890]	Speed: 1.79 samples/sec	mae=28.268231
INFO:root:Epoch[1] Batch [895]	Speed: 1.79 samples/sec	mae=24.458613
INFO:root:Epoch[1] Batch [900]	Speed: 1.78 samples/sec	mae=30.892203
INFO:root:Epoch[1] Batch [905]	Speed: 1.79 samples/sec	mae=25.791631
INFO:root:Epoch[1] Batch [910]	Speed: 1.79 samples/sec	mae=28.323657
INFO:root:Epoch[1] Batch [915]	Speed: 1.79 samples/sec	mae=26.672786
INFO:root:Epoch[1] Batch [920]	Speed: 1.79 samples/sec	mae=27.745083
INFO:root:Epoch[1] Batch [925]	Speed: 1.78 samples/sec	mae=28.621199
INFO:root:Epoch[1] Batch [930]	Speed: 1.77 samples/sec	mae=36.882516
INFO:root:Epoch[1] Batch [935]	Speed: 1.78 samples/sec	mae=24.524378
INFO:root:Epoch[1] Batch [940]	Speed: 1.79 samples/sec	mae=33.427784
INFO:root:Epoch[1] Batch [945]	Speed: 1.78 samples/sec	mae=33.004728
INFO:root:Epoch[1] Batch [950]	Speed: 1.78 samples/sec	mae=34.948220
INFO:root:Epoch[1] Batch [955]	Speed: 1.78 samples/sec	mae=28.503456
INFO:root:Epoch[1] Batch [960]	Speed: 1.79 samples/sec	mae=42.397485
INFO:root:Epoch[1] Batch [965]	Speed: 1.78 samples/sec	mae=32.696836
INFO:root:Epoch[1] Batch [970]	Speed: 1.78 samples/sec	mae=29.838179
INFO:root:Epoch[1] Batch [975]	Speed: 1.78 samples/sec	mae=24.401962
INFO:root:Epoch[1] Batch [980]	Speed: 1.78 samples/sec	mae=24.619465
INFO:root:Epoch[1] Batch [985]	Speed: 1.79 samples/sec	mae=29.223497
INFO:root:Epoch[1] Batch [990]	Speed: 1.79 samples/sec	mae=25.087819
INFO:root:Epoch[1] Batch [995]	Speed: 1.79 samples/sec	mae=21.652415
INFO:root:Epoch[1] Train-mae=28.182916
INFO:root:Epoch[1] Time cost=556.582
INFO:root:Saved checkpoint to "../params/tune-0002.params"
INFO:root:Epoch[2] Batch [5]	Speed: 1.74 samples/sec	mae=30.178328
INFO:root:Epoch[2] Batch [10]	Speed: 1.75 samples/sec	mae=23.175591
INFO:root:Epoch[2] Batch [15]	Speed: 1.75 samples/sec	mae=31.095385
INFO:root:Epoch[2] Batch [20]	Speed: 1.80 samples/sec	mae=22.541452
INFO:root:Epoch[2] Batch [25]	Speed: 1.78 samples/sec	mae=31.808229
INFO:root:Epoch[2] Batch [30]	Speed: 1.79 samples/sec	mae=27.453841
INFO:root:Epoch[2] Batch [35]	Speed: 1.77 samples/sec	mae=21.933006
INFO:root:Epoch[2] Batch [40]	Speed: 1.73 samples/sec	mae=35.615277
INFO:root:Epoch[2] Batch [45]	Speed: 1.79 samples/sec	mae=29.120374
INFO:root:Epoch[2] Batch [50]	Speed: 1.78 samples/sec	mae=27.108642
INFO:root:Epoch[2] Batch [55]	Speed: 1.78 samples/sec	mae=31.888912
INFO:root:Epoch[2] Batch [60]	Speed: 1.79 samples/sec	mae=29.981443
INFO:root:Epoch[2] Batch [65]	Speed: 1.79 samples/sec	mae=22.276028
INFO:root:Epoch[2] Batch [70]	Speed: 1.79 samples/sec	mae=29.501266
INFO:root:Epoch[2] Batch [75]	Speed: 1.78 samples/sec	mae=34.780459
INFO:root:Epoch[2] Batch [80]	Speed: 1.78 samples/sec	mae=19.945095
INFO:root:Epoch[2] Batch [85]	Speed: 1.80 samples/sec	mae=32.245542
INFO:root:Epoch[2] Batch [90]	Speed: 1.78 samples/sec	mae=29.422819
INFO:root:Epoch[2] Batch [95]	Speed: 1.77 samples/sec	mae=33.137328
INFO:root:Epoch[2] Batch [100]	Speed: 1.78 samples/sec	mae=33.450597
INFO:root:Epoch[2] Batch [105]	Speed: 1.78 samples/sec	mae=30.825406
INFO:root:Epoch[2] Batch [110]	Speed: 1.78 samples/sec	mae=28.080597
INFO:root:Epoch[2] Batch [115]	Speed: 1.78 samples/sec	mae=30.627692
INFO:root:Epoch[2] Batch [120]	Speed: 1.79 samples/sec	mae=29.158060
INFO:root:Epoch[2] Batch [125]	Speed: 1.79 samples/sec	mae=21.382193
INFO:root:Epoch[2] Batch [130]	Speed: 1.78 samples/sec	mae=21.927169
INFO:root:Epoch[2] Batch [135]	Speed: 1.78 samples/sec	mae=28.246859
INFO:root:Epoch[2] Batch [140]	Speed: 1.78 samples/sec	mae=30.289191
INFO:root:Epoch[2] Batch [145]	Speed: 1.78 samples/sec	mae=35.182836
INFO:root:Epoch[2] Batch [150]	Speed: 1.78 samples/sec	mae=25.622245
INFO:root:Epoch[2] Batch [155]	Speed: 1.79 samples/sec	mae=25.119163
INFO:root:Epoch[2] Batch [160]	Speed: 1.79 samples/sec	mae=33.195715
INFO:root:Epoch[2] Batch [165]	Speed: 1.79 samples/sec	mae=30.507869
INFO:root:Epoch[2] Batch [170]	Speed: 1.79 samples/sec	mae=31.472375
INFO:root:Epoch[2] Batch [175]	Speed: 1.79 samples/sec	mae=29.946531
INFO:root:Epoch[2] Batch [180]	Speed: 1.79 samples/sec	mae=37.567657
INFO:root:Epoch[2] Batch [185]	Speed: 1.78 samples/sec	mae=37.233115
INFO:root:Epoch[2] Batch [190]	Speed: 1.79 samples/sec	mae=29.817036
INFO:root:Epoch[2] Batch [195]	Speed: 1.78 samples/sec	mae=27.120025
INFO:root:Epoch[2] Batch [200]	Speed: 1.80 samples/sec	mae=30.161193
INFO:root:Epoch[2] Batch [205]	Speed: 1.80 samples/sec	mae=35.667612
INFO:root:Epoch[2] Batch [210]	Speed: 1.79 samples/sec	mae=30.856413
INFO:root:Epoch[2] Batch [215]	Speed: 1.77 samples/sec	mae=24.155121
INFO:root:Epoch[2] Batch [220]	Speed: 1.78 samples/sec	mae=39.395857
INFO:root:Epoch[2] Batch [225]	Speed: 1.79 samples/sec	mae=23.646729
INFO:root:Epoch[2] Batch [230]	Speed: 1.78 samples/sec	mae=27.128372
INFO:root:Epoch[2] Batch [235]	Speed: 1.79 samples/sec	mae=23.678905
INFO:root:Epoch[2] Batch [240]	Speed: 1.79 samples/sec	mae=33.739233
INFO:root:Epoch[2] Batch [245]	Speed: 1.79 samples/sec	mae=31.707788
INFO:root:Epoch[2] Batch [250]	Speed: 1.79 samples/sec	mae=24.771218
INFO:root:Epoch[2] Batch [255]	Speed: 1.79 samples/sec	mae=22.570523
INFO:root:Epoch[2] Batch [260]	Speed: 1.79 samples/sec	mae=28.266077
INFO:root:Epoch[2] Batch [265]	Speed: 1.79 samples/sec	mae=25.640043
INFO:root:Epoch[2] Batch [270]	Speed: 1.80 samples/sec	mae=28.465635
INFO:root:Epoch[2] Batch [275]	Speed: 1.78 samples/sec	mae=33.028554
INFO:root:Epoch[2] Batch [280]	Speed: 1.80 samples/sec	mae=29.245005
INFO:root:Epoch[2] Batch [285]	Speed: 1.79 samples/sec	mae=27.508696
INFO:root:Epoch[2] Batch [290]	Speed: 1.77 samples/sec	mae=32.155142
INFO:root:Epoch[2] Batch [295]	Speed: 1.78 samples/sec	mae=26.949805
INFO:root:Epoch[2] Batch [300]	Speed: 1.78 samples/sec	mae=31.643358
INFO:root:Epoch[2] Batch [305]	Speed: 1.78 samples/sec	mae=33.670456
INFO:root:Epoch[2] Batch [310]	Speed: 1.79 samples/sec	mae=36.108866
INFO:root:Epoch[2] Batch [315]	Speed: 1.79 samples/sec	mae=29.340520
INFO:root:Epoch[2] Batch [320]	Speed: 1.78 samples/sec	mae=28.384105
INFO:root:Epoch[2] Batch [325]	Speed: 1.78 samples/sec	mae=26.215030
INFO:root:Epoch[2] Batch [330]	Speed: 1.78 samples/sec	mae=29.505054
INFO:root:Epoch[2] Batch [335]	Speed: 1.79 samples/sec	mae=24.606189
INFO:root:Epoch[2] Batch [340]	Speed: 1.78 samples/sec	mae=31.919456
INFO:root:Epoch[2] Batch [345]	Speed: 1.79 samples/sec	mae=35.168013
INFO:root:Epoch[2] Batch [350]	Speed: 1.78 samples/sec	mae=28.622004
INFO:root:Epoch[2] Batch [355]	Speed: 1.78 samples/sec	mae=34.707087
INFO:root:Epoch[2] Batch [360]	Speed: 1.78 samples/sec	mae=28.976045
INFO:root:Epoch[2] Batch [365]	Speed: 1.77 samples/sec	mae=26.625003
INFO:root:Epoch[2] Batch [370]	Speed: 1.77 samples/sec	mae=24.574056
INFO:root:Epoch[2] Batch [375]	Speed: 1.78 samples/sec	mae=42.401688
INFO:root:Epoch[2] Batch [380]	Speed: 1.78 samples/sec	mae=33.889022
INFO:root:Epoch[2] Batch [385]	Speed: 1.80 samples/sec	mae=29.009411
INFO:root:Epoch[2] Batch [390]	Speed: 1.78 samples/sec	mae=22.831170
INFO:root:Epoch[2] Batch [395]	Speed: 1.79 samples/sec	mae=25.465017
INFO:root:Epoch[2] Batch [400]	Speed: 1.79 samples/sec	mae=23.225345
INFO:root:Epoch[2] Batch [405]	Speed: 1.78 samples/sec	mae=35.483089
INFO:root:Epoch[2] Batch [410]	Speed: 1.79 samples/sec	mae=27.062621
INFO:root:Epoch[2] Batch [415]	Speed: 1.78 samples/sec	mae=27.200970
INFO:root:Epoch[2] Batch [420]	Speed: 1.79 samples/sec	mae=24.955871
INFO:root:Epoch[2] Batch [425]	Speed: 1.79 samples/sec	mae=32.569656
INFO:root:Epoch[2] Batch [430]	Speed: 1.79 samples/sec	mae=33.913892
INFO:root:Epoch[2] Batch [435]	Speed: 1.80 samples/sec	mae=27.228652
INFO:root:Epoch[2] Batch [440]	Speed: 1.78 samples/sec	mae=28.085040
INFO:root:Epoch[2] Batch [445]	Speed: 1.79 samples/sec	mae=31.193553
INFO:root:Epoch[2] Batch [450]	Speed: 1.79 samples/sec	mae=28.091690
INFO:root:Epoch[2] Batch [455]	Speed: 1.79 samples/sec	mae=21.605518
INFO:root:Epoch[2] Batch [460]	Speed: 1.78 samples/sec	mae=31.065509
INFO:root:Epoch[2] Batch [465]	Speed: 1.78 samples/sec	mae=30.295429
INFO:root:Epoch[2] Batch [470]	Speed: 1.79 samples/sec	mae=29.498185
INFO:root:Epoch[2] Batch [475]	Speed: 1.79 samples/sec	mae=26.112021
INFO:root:Epoch[2] Batch [480]	Speed: 1.79 samples/sec	mae=28.964972
INFO:root:Epoch[2] Batch [485]	Speed: 1.79 samples/sec	mae=29.664018
INFO:root:Epoch[2] Batch [490]	Speed: 1.78 samples/sec	mae=22.907508
INFO:root:Epoch[2] Batch [495]	Speed: 1.78 samples/sec	mae=36.209725
INFO:root:Epoch[2] Batch [500]	Speed: 1.79 samples/sec	mae=32.080463
INFO:root:Epoch[2] Batch [505]	Speed: 1.78 samples/sec	mae=32.293921
INFO:root:Epoch[2] Batch [510]	Speed: 1.79 samples/sec	mae=24.523042
INFO:root:Epoch[2] Batch [515]	Speed: 1.79 samples/sec	mae=28.067430
INFO:root:Epoch[2] Batch [520]	Speed: 1.78 samples/sec	mae=23.421302
INFO:root:Epoch[2] Batch [525]	Speed: 1.77 samples/sec	mae=28.884009
INFO:root:Epoch[2] Batch [530]	Speed: 1.78 samples/sec	mae=23.335538
INFO:root:Epoch[2] Batch [535]	Speed: 1.78 samples/sec	mae=25.835192
INFO:root:Epoch[2] Batch [540]	Speed: 1.79 samples/sec	mae=26.445086
INFO:root:Epoch[2] Batch [545]	Speed: 1.78 samples/sec	mae=26.685827
INFO:root:Epoch[2] Batch [550]	Speed: 1.78 samples/sec	mae=39.472059
INFO:root:Epoch[2] Batch [555]	Speed: 1.79 samples/sec	mae=21.892240
INFO:root:Epoch[2] Batch [560]	Speed: 1.79 samples/sec	mae=25.237320
INFO:root:Epoch[2] Batch [565]	Speed: 1.78 samples/sec	mae=33.445467
INFO:root:Epoch[2] Batch [570]	Speed: 1.79 samples/sec	mae=30.006415
INFO:root:Epoch[2] Batch [575]	Speed: 1.78 samples/sec	mae=31.343303
INFO:root:Epoch[2] Batch [580]	Speed: 1.79 samples/sec	mae=26.505159
INFO:root:Epoch[2] Batch [585]	Speed: 1.78 samples/sec	mae=25.420879
INFO:root:Epoch[2] Batch [590]	Speed: 1.78 samples/sec	mae=36.556349
INFO:root:Epoch[2] Batch [595]	Speed: 1.78 samples/sec	mae=20.012758
INFO:root:Epoch[2] Batch [600]	Speed: 1.78 samples/sec	mae=27.658792
INFO:root:Epoch[2] Batch [605]	Speed: 1.78 samples/sec	mae=24.353051
INFO:root:Epoch[2] Batch [610]	Speed: 1.78 samples/sec	mae=22.890171
INFO:root:Epoch[2] Batch [615]	Speed: 1.79 samples/sec	mae=27.079060
INFO:root:Epoch[2] Batch [620]	Speed: 1.78 samples/sec	mae=23.954118
INFO:root:Epoch[2] Batch [625]	Speed: 1.78 samples/sec	mae=29.628648
INFO:root:Epoch[2] Batch [630]	Speed: 1.78 samples/sec	mae=34.778363
INFO:root:Epoch[2] Batch [635]	Speed: 1.78 samples/sec	mae=24.758696
INFO:root:Epoch[2] Batch [640]	Speed: 1.78 samples/sec	mae=28.788258
INFO:root:Epoch[2] Batch [645]	Speed: 1.78 samples/sec	mae=32.845305
INFO:root:Epoch[2] Batch [650]	Speed: 1.78 samples/sec	mae=21.898713
INFO:root:Epoch[2] Batch [655]	Speed: 1.76 samples/sec	mae=29.812307
INFO:root:Epoch[2] Batch [660]	Speed: 1.78 samples/sec	mae=21.197028
INFO:root:Epoch[2] Batch [665]	Speed: 1.78 samples/sec	mae=28.681693
INFO:root:Epoch[2] Batch [670]	Speed: 1.79 samples/sec	mae=33.561868
INFO:root:Epoch[2] Batch [675]	Speed: 1.77 samples/sec	mae=21.404704
INFO:root:Epoch[2] Batch [680]	Speed: 1.78 samples/sec	mae=23.377733
INFO:root:Epoch[2] Batch [685]	Speed: 1.79 samples/sec	mae=28.934688
INFO:root:Epoch[2] Batch [690]	Speed: 1.80 samples/sec	mae=27.643122
INFO:root:Epoch[2] Batch [695]	Speed: 1.78 samples/sec	mae=29.951691
INFO:root:Epoch[2] Batch [700]	Speed: 1.77 samples/sec	mae=33.628148
INFO:root:Epoch[2] Batch [705]	Speed: 1.78 samples/sec	mae=28.218277
INFO:root:Epoch[2] Batch [710]	Speed: 1.78 samples/sec	mae=26.840128
INFO:root:Epoch[2] Batch [715]	Speed: 1.78 samples/sec	mae=24.803419
INFO:root:Epoch[2] Batch [720]	Speed: 1.79 samples/sec	mae=31.425021
INFO:root:Epoch[2] Batch [725]	Speed: 1.76 samples/sec	mae=25.931163
INFO:root:Epoch[2] Batch [730]	Speed: 1.77 samples/sec	mae=43.278823
INFO:root:Epoch[2] Batch [735]	Speed: 1.78 samples/sec	mae=28.558244
INFO:root:Epoch[2] Batch [740]	Speed: 1.78 samples/sec	mae=30.225332
INFO:root:Epoch[2] Batch [745]	Speed: 1.79 samples/sec	mae=28.097350
INFO:root:Epoch[2] Batch [750]	Speed: 1.77 samples/sec	mae=29.470381
INFO:root:Epoch[2] Batch [755]	Speed: 1.79 samples/sec	mae=27.018253
INFO:root:Epoch[2] Batch [760]	Speed: 1.78 samples/sec	mae=31.046116
INFO:root:Epoch[2] Batch [765]	Speed: 1.78 samples/sec	mae=26.965020
INFO:root:Epoch[2] Batch [770]	Speed: 1.79 samples/sec	mae=28.387956
INFO:root:Epoch[2] Batch [775]	Speed: 1.78 samples/sec	mae=26.418430
INFO:root:Epoch[2] Batch [780]	Speed: 1.78 samples/sec	mae=26.204226
INFO:root:Epoch[2] Batch [785]	Speed: 1.78 samples/sec	mae=31.546562
INFO:root:Epoch[2] Batch [790]	Speed: 1.69 samples/sec	mae=34.220890
INFO:root:Epoch[2] Batch [795]	Speed: 1.66 samples/sec	mae=26.904184
INFO:root:Epoch[2] Batch [800]	Speed: 1.80 samples/sec	mae=28.540590
INFO:root:Epoch[2] Batch [805]	Speed: 1.80 samples/sec	mae=36.134176
INFO:root:Epoch[2] Batch [810]	Speed: 1.80 samples/sec	mae=23.888877
INFO:root:Epoch[2] Batch [815]	Speed: 1.80 samples/sec	mae=31.386268
INFO:root:Epoch[2] Batch [820]	Speed: 1.80 samples/sec	mae=23.766415
INFO:root:Epoch[2] Batch [825]	Speed: 1.80 samples/sec	mae=34.588327
INFO:root:Epoch[2] Batch [830]	Speed: 1.80 samples/sec	mae=38.521938
INFO:root:Epoch[2] Batch [835]	Speed: 1.81 samples/sec	mae=28.012679
INFO:root:Epoch[2] Batch [840]	Speed: 1.79 samples/sec	mae=32.240881
INFO:root:Epoch[2] Batch [845]	Speed: 1.80 samples/sec	mae=20.919561
INFO:root:Epoch[2] Batch [850]	Speed: 1.80 samples/sec	mae=34.792670
INFO:root:Epoch[2] Batch [855]	Speed: 1.80 samples/sec	mae=25.756451
INFO:root:Epoch[2] Batch [860]	Speed: 1.80 samples/sec	mae=32.489378
INFO:root:Epoch[2] Batch [865]	Speed: 1.80 samples/sec	mae=34.157073
INFO:root:Epoch[2] Batch [870]	Speed: 1.80 samples/sec	mae=24.585225
INFO:root:Epoch[2] Batch [875]	Speed: 1.79 samples/sec	mae=28.610165
INFO:root:Epoch[2] Batch [880]	Speed: 1.81 samples/sec	mae=27.201151
INFO:root:Epoch[2] Batch [885]	Speed: 1.80 samples/sec	mae=31.469468
INFO:root:Epoch[2] Batch [890]	Speed: 1.81 samples/sec	mae=25.913594
INFO:root:Epoch[2] Batch [895]	Speed: 1.80 samples/sec	mae=34.816438
INFO:root:Epoch[2] Batch [900]	Speed: 1.80 samples/sec	mae=26.898859
INFO:root:Epoch[2] Batch [905]	Speed: 1.79 samples/sec	mae=32.876972
INFO:root:Epoch[2] Batch [910]	Speed: 1.80 samples/sec	mae=23.688639
INFO:root:Epoch[2] Batch [915]	Speed: 1.79 samples/sec	mae=35.873904
INFO:root:Epoch[2] Batch [920]	Speed: 1.79 samples/sec	mae=35.855221
INFO:root:Epoch[2] Batch [925]	Speed: 1.80 samples/sec	mae=21.234105
INFO:root:Epoch[2] Batch [930]	Speed: 1.80 samples/sec	mae=38.102171
INFO:root:Epoch[2] Batch [935]	Speed: 1.81 samples/sec	mae=29.757899
INFO:root:Epoch[2] Batch [940]	Speed: 1.80 samples/sec	mae=21.873143
INFO:root:Epoch[2] Batch [945]	Speed: 1.81 samples/sec	mae=34.612385
INFO:root:Epoch[2] Batch [950]	Speed: 1.80 samples/sec	mae=25.345338
INFO:root:Epoch[2] Batch [955]	Speed: 1.80 samples/sec	mae=30.110039
INFO:root:Epoch[2] Batch [960]	Speed: 1.80 samples/sec	mae=27.016046
INFO:root:Epoch[2] Batch [965]	Speed: 1.80 samples/sec	mae=44.053923
INFO:root:Epoch[2] Batch [970]	Speed: 1.81 samples/sec	mae=33.180715
INFO:root:Epoch[2] Batch [975]	Speed: 1.79 samples/sec	mae=24.775624
INFO:root:Epoch[2] Batch [980]	Speed: 1.80 samples/sec	mae=27.530268
INFO:root:Epoch[2] Batch [985]	Speed: 1.80 samples/sec	mae=37.458995
INFO:root:Epoch[2] Batch [990]	Speed: 1.79 samples/sec	mae=30.882786
INFO:root:Epoch[2] Batch [995]	Speed: 1.80 samples/sec	mae=26.533953
INFO:root:Epoch[2] Train-mae=32.552343
INFO:root:Epoch[2] Time cost=560.221
INFO:root:Saved checkpoint to "../params/tune-0003.params"
INFO:root:Epoch[3] Batch [5]	Speed: 1.77 samples/sec	mae=31.037367
INFO:root:Epoch[3] Batch [10]	Speed: 1.76 samples/sec	mae=32.024457
INFO:root:Epoch[3] Batch [15]	Speed: 1.79 samples/sec	mae=20.495643
INFO:root:Epoch[3] Batch [20]	Speed: 1.79 samples/sec	mae=38.874959
INFO:root:Epoch[3] Batch [25]	Speed: 1.79 samples/sec	mae=30.420222
INFO:root:Epoch[3] Batch [30]	Speed: 1.80 samples/sec	mae=34.297443
INFO:root:Epoch[3] Batch [35]	Speed: 1.80 samples/sec	mae=29.072410
INFO:root:Epoch[3] Batch [40]	Speed: 1.80 samples/sec	mae=21.896019
INFO:root:Epoch[3] Batch [45]	Speed: 1.80 samples/sec	mae=35.485008
INFO:root:Epoch[3] Batch [50]	Speed: 1.80 samples/sec	mae=18.676176
INFO:root:Epoch[3] Batch [55]	Speed: 1.80 samples/sec	mae=46.741042
INFO:root:Epoch[3] Batch [60]	Speed: 1.79 samples/sec	mae=25.149013
INFO:root:Epoch[3] Batch [65]	Speed: 1.80 samples/sec	mae=32.841408
INFO:root:Epoch[3] Batch [70]	Speed: 1.80 samples/sec	mae=24.858289
INFO:root:Epoch[3] Batch [75]	Speed: 1.81 samples/sec	mae=34.850737
INFO:root:Epoch[3] Batch [80]	Speed: 1.80 samples/sec	mae=29.865236
INFO:root:Epoch[3] Batch [85]	Speed: 1.81 samples/sec	mae=26.737376
INFO:root:Epoch[3] Batch [90]	Speed: 1.81 samples/sec	mae=28.068525
INFO:root:Epoch[3] Batch [95]	Speed: 1.81 samples/sec	mae=28.139741
INFO:root:Epoch[3] Batch [100]	Speed: 1.81 samples/sec	mae=30.516711
INFO:root:Epoch[3] Batch [105]	Speed: 1.80 samples/sec	mae=29.204236
INFO:root:Epoch[3] Batch [110]	Speed: 1.71 samples/sec	mae=23.326446
INFO:root:Epoch[3] Batch [115]	Speed: 1.81 samples/sec	mae=20.734670
INFO:root:Epoch[3] Batch [120]	Speed: 1.80 samples/sec	mae=28.174898
INFO:root:Epoch[3] Batch [125]	Speed: 1.80 samples/sec	mae=28.492017
INFO:root:Epoch[3] Batch [130]	Speed: 1.81 samples/sec	mae=29.510469
INFO:root:Epoch[3] Batch [135]	Speed: 1.81 samples/sec	mae=31.252617
INFO:root:Epoch[3] Batch [140]	Speed: 1.80 samples/sec	mae=33.664069
INFO:root:Epoch[3] Batch [145]	Speed: 1.79 samples/sec	mae=33.553907
INFO:root:Epoch[3] Batch [150]	Speed: 1.80 samples/sec	mae=29.831817
INFO:root:Epoch[3] Batch [155]	Speed: 1.80 samples/sec	mae=28.670434
INFO:root:Epoch[3] Batch [160]	Speed: 1.81 samples/sec	mae=26.083664
INFO:root:Epoch[3] Batch [165]	Speed: 1.81 samples/sec	mae=36.027275
INFO:root:Epoch[3] Batch [170]	Speed: 1.80 samples/sec	mae=29.300604
INFO:root:Epoch[3] Batch [175]	Speed: 1.80 samples/sec	mae=27.635464
INFO:root:Epoch[3] Batch [180]	Speed: 1.80 samples/sec	mae=22.810032
INFO:root:Epoch[3] Batch [185]	Speed: 1.80 samples/sec	mae=26.369075
INFO:root:Epoch[3] Batch [190]	Speed: 1.81 samples/sec	mae=36.373057
INFO:root:Epoch[3] Batch [195]	Speed: 1.81 samples/sec	mae=34.487365
INFO:root:Epoch[3] Batch [200]	Speed: 1.81 samples/sec	mae=24.265722
INFO:root:Epoch[3] Batch [205]	Speed: 1.80 samples/sec	mae=31.889699
INFO:root:Epoch[3] Batch [210]	Speed: 1.79 samples/sec	mae=34.959162
INFO:root:Epoch[3] Batch [215]	Speed: 1.80 samples/sec	mae=33.639893
INFO:root:Epoch[3] Batch [220]	Speed: 1.81 samples/sec	mae=37.447117
INFO:root:Epoch[3] Batch [225]	Speed: 1.80 samples/sec	mae=23.671985
INFO:root:Epoch[3] Batch [230]	Speed: 1.80 samples/sec	mae=27.743504
INFO:root:Epoch[3] Batch [235]	Speed: 1.80 samples/sec	mae=24.855222
INFO:root:Epoch[3] Batch [240]	Speed: 1.81 samples/sec	mae=24.672989
INFO:root:Epoch[3] Batch [245]	Speed: 1.80 samples/sec	mae=25.241253
INFO:root:Epoch[3] Batch [250]	Speed: 1.81 samples/sec	mae=36.258730
INFO:root:Epoch[3] Batch [255]	Speed: 1.81 samples/sec	mae=26.116378
INFO:root:Epoch[3] Batch [260]	Speed: 1.82 samples/sec	mae=29.178065
INFO:root:Epoch[3] Batch [265]	Speed: 1.80 samples/sec	mae=19.066595
INFO:root:Epoch[3] Batch [270]	Speed: 1.81 samples/sec	mae=29.295467
INFO:root:Epoch[3] Batch [275]	Speed: 1.81 samples/sec	mae=33.160261
INFO:root:Epoch[3] Batch [280]	Speed: 1.81 samples/sec	mae=21.724271
INFO:root:Epoch[3] Batch [285]	Speed: 1.80 samples/sec	mae=30.116436
INFO:root:Epoch[3] Batch [290]	Speed: 1.81 samples/sec	mae=28.115013
INFO:root:Epoch[3] Batch [295]	Speed: 1.80 samples/sec	mae=33.420754
INFO:root:Epoch[3] Batch [300]	Speed: 1.80 samples/sec	mae=24.160679
INFO:root:Epoch[3] Batch [305]	Speed: 1.80 samples/sec	mae=30.572992
INFO:root:Epoch[3] Batch [310]	Speed: 1.81 samples/sec	mae=31.339153
INFO:root:Epoch[3] Batch [315]	Speed: 1.81 samples/sec	mae=29.051990
INFO:root:Epoch[3] Batch [320]	Speed: 1.80 samples/sec	mae=39.967126
INFO:root:Epoch[3] Batch [325]	Speed: 1.80 samples/sec	mae=30.826708
INFO:root:Epoch[3] Batch [330]	Speed: 1.80 samples/sec	mae=29.343512
INFO:root:Epoch[3] Batch [335]	Speed: 1.80 samples/sec	mae=28.826762
INFO:root:Epoch[3] Batch [340]	Speed: 1.81 samples/sec	mae=33.308809
INFO:root:Epoch[3] Batch [345]	Speed: 1.80 samples/sec	mae=23.879453
INFO:root:Epoch[3] Batch [350]	Speed: 1.80 samples/sec	mae=28.259906
INFO:root:Epoch[3] Batch [355]	Speed: 1.80 samples/sec	mae=28.344509
INFO:root:Epoch[3] Batch [360]	Speed: 1.80 samples/sec	mae=31.985883
INFO:root:Epoch[3] Batch [365]	Speed: 1.81 samples/sec	mae=23.590868
INFO:root:Epoch[3] Batch [370]	Speed: 1.79 samples/sec	mae=19.560698
INFO:root:Epoch[3] Batch [375]	Speed: 1.81 samples/sec	mae=29.799304
INFO:root:Epoch[3] Batch [380]	Speed: 1.81 samples/sec	mae=33.168042
INFO:root:Epoch[3] Batch [385]	Speed: 1.80 samples/sec	mae=23.416488
INFO:root:Epoch[3] Batch [390]	Speed: 1.81 samples/sec	mae=28.895481
INFO:root:Epoch[3] Batch [395]	Speed: 1.80 samples/sec	mae=31.190664
INFO:root:Epoch[3] Batch [400]	Speed: 1.80 samples/sec	mae=30.787117
INFO:root:Epoch[3] Batch [405]	Speed: 1.79 samples/sec	mae=32.919229
INFO:root:Epoch[3] Batch [410]	Speed: 1.80 samples/sec	mae=26.742571
INFO:root:Epoch[3] Batch [415]	Speed: 1.80 samples/sec	mae=27.096477
INFO:root:Epoch[3] Batch [420]	Speed: 1.81 samples/sec	mae=29.318982
INFO:root:Epoch[3] Batch [425]	Speed: 1.81 samples/sec	mae=40.842759
INFO:root:Epoch[3] Batch [430]	Speed: 1.80 samples/sec	mae=24.251966
INFO:root:Epoch[3] Batch [435]	Speed: 1.80 samples/sec	mae=26.463189
INFO:root:Epoch[3] Batch [440]	Speed: 1.80 samples/sec	mae=24.814399
INFO:root:Epoch[3] Batch [445]	Speed: 1.79 samples/sec	mae=31.962838
INFO:root:Epoch[3] Batch [450]	Speed: 1.78 samples/sec	mae=28.836770
INFO:root:Epoch[3] Batch [455]	Speed: 1.81 samples/sec	mae=23.644571
INFO:root:Epoch[3] Batch [460]	Speed: 1.82 samples/sec	mae=34.027327
INFO:root:Epoch[3] Batch [465]	Speed: 1.82 samples/sec	mae=28.128290
INFO:root:Epoch[3] Batch [470]	Speed: 1.80 samples/sec	mae=35.059592
INFO:root:Epoch[3] Batch [475]	Speed: 1.81 samples/sec	mae=31.491973
INFO:root:Epoch[3] Batch [480]	Speed: 1.82 samples/sec	mae=27.682672
INFO:root:Epoch[3] Batch [485]	Speed: 1.80 samples/sec	mae=24.332154
INFO:root:Epoch[3] Batch [490]	Speed: 1.80 samples/sec	mae=24.631173
INFO:root:Epoch[3] Batch [495]	Speed: 1.80 samples/sec	mae=22.282440
INFO:root:Epoch[3] Batch [500]	Speed: 1.81 samples/sec	mae=31.018319
INFO:root:Epoch[3] Batch [505]	Speed: 1.81 samples/sec	mae=31.952377
INFO:root:Epoch[3] Batch [510]	Speed: 1.79 samples/sec	mae=40.636268
INFO:root:Epoch[3] Batch [515]	Speed: 1.81 samples/sec	mae=32.879181
INFO:root:Epoch[3] Batch [520]	Speed: 1.81 samples/sec	mae=39.492929
INFO:root:Epoch[3] Batch [525]	Speed: 1.81 samples/sec	mae=25.769693
INFO:root:Epoch[3] Batch [530]	Speed: 1.80 samples/sec	mae=26.236919
INFO:root:Epoch[3] Batch [535]	Speed: 1.81 samples/sec	mae=24.329235
INFO:root:Epoch[3] Batch [540]	Speed: 1.80 samples/sec	mae=25.688090
INFO:root:Epoch[3] Batch [545]	Speed: 1.79 samples/sec	mae=37.845544
INFO:root:Epoch[3] Batch [550]	Speed: 1.81 samples/sec	mae=20.446969
INFO:root:Epoch[3] Batch [555]	Speed: 1.81 samples/sec	mae=27.336000
INFO:root:Epoch[3] Batch [560]	Speed: 1.82 samples/sec	mae=32.502209
INFO:root:Epoch[3] Batch [565]	Speed: 1.81 samples/sec	mae=29.544436
INFO:root:Epoch[3] Batch [570]	Speed: 1.80 samples/sec	mae=25.804220
INFO:root:Epoch[3] Batch [575]	Speed: 1.81 samples/sec	mae=29.952736
INFO:root:Epoch[3] Batch [580]	Speed: 1.82 samples/sec	mae=28.015848
INFO:root:Epoch[3] Batch [585]	Speed: 1.80 samples/sec	mae=23.466306
INFO:root:Epoch[3] Batch [590]	Speed: 1.81 samples/sec	mae=26.731329
INFO:root:Epoch[3] Batch [595]	Speed: 1.81 samples/sec	mae=25.411540
INFO:root:Epoch[3] Batch [600]	Speed: 1.80 samples/sec	mae=27.898693
INFO:root:Epoch[3] Batch [605]	Speed: 1.80 samples/sec	mae=35.411011
INFO:root:Epoch[3] Batch [610]	Speed: 1.81 samples/sec	mae=30.637205
INFO:root:Epoch[3] Batch [615]	Speed: 1.81 samples/sec	mae=33.062955
INFO:root:Epoch[3] Batch [620]	Speed: 1.79 samples/sec	mae=23.997888
INFO:root:Epoch[3] Batch [625]	Speed: 1.81 samples/sec	mae=32.035737
INFO:root:Epoch[3] Batch [630]	Speed: 1.80 samples/sec	mae=24.356374
INFO:root:Epoch[3] Batch [635]	Speed: 1.80 samples/sec	mae=30.285796
INFO:root:Epoch[3] Batch [640]	Speed: 1.81 samples/sec	mae=22.050368
INFO:root:Epoch[3] Batch [645]	Speed: 1.80 samples/sec	mae=31.079684
INFO:root:Epoch[3] Batch [650]	Speed: 1.81 samples/sec	mae=35.254350
INFO:root:Epoch[3] Batch [655]	Speed: 1.81 samples/sec	mae=27.224439
INFO:root:Epoch[3] Batch [660]	Speed: 1.81 samples/sec	mae=32.209548
INFO:root:Epoch[3] Batch [665]	Speed: 1.81 samples/sec	mae=24.564123
INFO:root:Epoch[3] Batch [670]	Speed: 1.80 samples/sec	mae=28.049829
INFO:root:Epoch[3] Batch [675]	Speed: 1.81 samples/sec	mae=27.307230
INFO:root:Epoch[3] Batch [680]	Speed: 1.81 samples/sec	mae=29.932157
INFO:root:Epoch[3] Batch [685]	Speed: 1.81 samples/sec	mae=20.647192
INFO:root:Epoch[3] Batch [690]	Speed: 1.81 samples/sec	mae=21.494728
INFO:root:Epoch[3] Batch [695]	Speed: 1.81 samples/sec	mae=28.027563
INFO:root:Epoch[3] Batch [700]	Speed: 1.81 samples/sec	mae=22.456070
INFO:root:Epoch[3] Batch [705]	Speed: 1.80 samples/sec	mae=27.015674
INFO:root:Epoch[3] Batch [710]	Speed: 1.80 samples/sec	mae=22.921948
INFO:root:Epoch[3] Batch [715]	Speed: 1.81 samples/sec	mae=30.967786
INFO:root:Epoch[3] Batch [720]	Speed: 1.80 samples/sec	mae=31.942401
INFO:root:Epoch[3] Batch [725]	Speed: 1.79 samples/sec	mae=31.241085
INFO:root:Epoch[3] Batch [730]	Speed: 1.78 samples/sec	mae=32.296397
INFO:root:Epoch[3] Batch [735]	Speed: 1.79 samples/sec	mae=23.688536
INFO:root:Epoch[3] Batch [740]	Speed: 1.78 samples/sec	mae=29.677384
INFO:root:Epoch[3] Batch [745]	Speed: 1.78 samples/sec	mae=32.343015
INFO:root:Epoch[3] Batch [750]	Speed: 1.80 samples/sec	mae=29.402603
INFO:root:Epoch[3] Batch [755]	Speed: 1.81 samples/sec	mae=29.848573
INFO:root:Epoch[3] Batch [760]	Speed: 1.81 samples/sec	mae=19.022852
INFO:root:Epoch[3] Batch [765]	Speed: 1.80 samples/sec	mae=34.357306
INFO:root:Epoch[3] Batch [770]	Speed: 1.81 samples/sec	mae=28.035007
INFO:root:Epoch[3] Batch [775]	Speed: 1.81 samples/sec	mae=36.949817
INFO:root:Epoch[3] Batch [780]	Speed: 1.80 samples/sec	mae=28.101970
INFO:root:Epoch[3] Batch [785]	Speed: 1.80 samples/sec	mae=31.010981
INFO:root:Epoch[3] Batch [790]	Speed: 1.79 samples/sec	mae=32.800133
INFO:root:Epoch[3] Batch [795]	Speed: 1.80 samples/sec	mae=27.604766
INFO:root:Epoch[3] Batch [800]	Speed: 1.81 samples/sec	mae=33.370833
INFO:root:Epoch[3] Batch [805]	Speed: 1.80 samples/sec	mae=39.808048
INFO:root:Epoch[3] Batch [810]	Speed: 1.80 samples/sec	mae=25.769407
INFO:root:Epoch[3] Batch [815]	Speed: 1.80 samples/sec	mae=24.797808
INFO:root:Epoch[3] Batch [820]	Speed: 1.81 samples/sec	mae=32.817635
INFO:root:Epoch[3] Batch [825]	Speed: 1.80 samples/sec	mae=24.897622
INFO:root:Epoch[3] Batch [830]	Speed: 1.81 samples/sec	mae=27.122830
INFO:root:Epoch[3] Batch [835]	Speed: 1.79 samples/sec	mae=31.266974
INFO:root:Epoch[3] Batch [840]	Speed: 1.81 samples/sec	mae=37.280047
INFO:root:Epoch[3] Batch [845]	Speed: 1.80 samples/sec	mae=30.902728
INFO:root:Epoch[3] Batch [850]	Speed: 1.81 samples/sec	mae=28.617917
INFO:root:Epoch[3] Batch [855]	Speed: 1.80 samples/sec	mae=32.823176
INFO:root:Epoch[3] Batch [860]	Speed: 1.80 samples/sec	mae=20.050608
INFO:root:Epoch[3] Batch [865]	Speed: 1.80 samples/sec	mae=28.420299
INFO:root:Epoch[3] Batch [870]	Speed: 1.80 samples/sec	mae=27.668576
INFO:root:Epoch[3] Batch [875]	Speed: 1.80 samples/sec	mae=29.570812
INFO:root:Epoch[3] Batch [880]	Speed: 1.79 samples/sec	mae=23.038972
INFO:root:Epoch[3] Batch [885]	Speed: 1.80 samples/sec	mae=30.281792
INFO:root:Epoch[3] Batch [890]	Speed: 1.81 samples/sec	mae=31.449417
INFO:root:Epoch[3] Batch [895]	Speed: 1.80 samples/sec	mae=31.304971
INFO:root:Epoch[3] Batch [900]	Speed: 1.80 samples/sec	mae=28.385231
INFO:root:Epoch[3] Batch [905]	Speed: 1.79 samples/sec	mae=28.453999
INFO:root:Epoch[3] Batch [910]	Speed: 1.81 samples/sec	mae=21.323842
INFO:root:Epoch[3] Batch [915]	Speed: 1.80 samples/sec	mae=27.597176
INFO:root:Epoch[3] Batch [920]	Speed: 1.80 samples/sec	mae=31.461169
INFO:root:Epoch[3] Batch [925]	Speed: 1.81 samples/sec	mae=30.757594
INFO:root:Epoch[3] Batch [930]	Speed: 1.80 samples/sec	mae=27.572729
INFO:root:Epoch[3] Batch [935]	Speed: 1.81 samples/sec	mae=23.026506
INFO:root:Epoch[3] Batch [940]	Speed: 1.80 samples/sec	mae=25.234413
INFO:root:Epoch[3] Batch [945]	Speed: 1.79 samples/sec	mae=31.169411
INFO:root:Epoch[3] Batch [950]	Speed: 1.77 samples/sec	mae=36.212216
INFO:root:Epoch[3] Batch [955]	Speed: 1.79 samples/sec	mae=23.126750
INFO:root:Epoch[3] Batch [960]	Speed: 1.80 samples/sec	mae=22.686172
INFO:root:Epoch[3] Batch [965]	Speed: 1.80 samples/sec	mae=23.381734
INFO:root:Epoch[3] Batch [970]	Speed: 1.78 samples/sec	mae=22.735020
INFO:root:Epoch[3] Batch [975]	Speed: 1.78 samples/sec	mae=37.396432
INFO:root:Epoch[3] Batch [980]	Speed: 1.78 samples/sec	mae=25.932722
INFO:root:Epoch[3] Batch [985]	Speed: 1.78 samples/sec	mae=34.828751
INFO:root:Epoch[3] Batch [990]	Speed: 1.78 samples/sec	mae=31.230325
INFO:root:Epoch[3] Batch [995]	Speed: 1.79 samples/sec	mae=34.414114
INFO:root:Epoch[3] Train-mae=26.361888
INFO:root:Epoch[3] Time cost=555.210
INFO:root:Saved checkpoint to "../params/tune-0004.params"
INFO:root:Epoch[4] Batch [5]	Speed: 1.74 samples/sec	mae=33.841242
INFO:root:Epoch[4] Batch [10]	Speed: 1.69 samples/sec	mae=27.604956
INFO:root:Epoch[4] Batch [15]	Speed: 1.75 samples/sec	mae=18.011350
INFO:root:Epoch[4] Batch [20]	Speed: 1.79 samples/sec	mae=41.726052
INFO:root:Epoch[4] Batch [25]	Speed: 1.78 samples/sec	mae=19.781833
INFO:root:Epoch[4] Batch [30]	Speed: 1.79 samples/sec	mae=30.148741
INFO:root:Epoch[4] Batch [35]	Speed: 1.79 samples/sec	mae=23.068609
INFO:root:Epoch[4] Batch [40]	Speed: 1.79 samples/sec	mae=28.955848
INFO:root:Epoch[4] Batch [45]	Speed: 1.78 samples/sec	mae=33.438003
INFO:root:Epoch[4] Batch [50]	Speed: 1.78 samples/sec	mae=19.517853
INFO:root:Epoch[4] Batch [55]	Speed: 1.79 samples/sec	mae=21.985710
INFO:root:Epoch[4] Batch [60]	Speed: 1.79 samples/sec	mae=25.797112
INFO:root:Epoch[4] Batch [65]	Speed: 1.79 samples/sec	mae=26.739703
INFO:root:Epoch[4] Batch [70]	Speed: 1.79 samples/sec	mae=30.625541
INFO:root:Epoch[4] Batch [75]	Speed: 1.79 samples/sec	mae=27.585612
INFO:root:Epoch[4] Batch [80]	Speed: 1.78 samples/sec	mae=30.358714
INFO:root:Epoch[4] Batch [85]	Speed: 1.78 samples/sec	mae=28.734559
INFO:root:Epoch[4] Batch [90]	Speed: 1.77 samples/sec	mae=24.713702
INFO:root:Epoch[4] Batch [95]	Speed: 1.78 samples/sec	mae=26.966910
INFO:root:Epoch[4] Batch [100]	Speed: 1.78 samples/sec	mae=27.672099
INFO:root:Epoch[4] Batch [105]	Speed: 1.79 samples/sec	mae=24.651245
INFO:root:Epoch[4] Batch [110]	Speed: 1.78 samples/sec	mae=26.949891
INFO:root:Epoch[4] Batch [115]	Speed: 1.78 samples/sec	mae=23.307669
INFO:root:Epoch[4] Batch [120]	Speed: 1.78 samples/sec	mae=30.210952
INFO:root:Epoch[4] Batch [125]	Speed: 1.78 samples/sec	mae=27.661955
INFO:root:Epoch[4] Batch [130]	Speed: 1.79 samples/sec	mae=38.748581
INFO:root:Epoch[4] Batch [135]	Speed: 1.79 samples/sec	mae=34.532891
INFO:root:Epoch[4] Batch [140]	Speed: 1.79 samples/sec	mae=28.322110
INFO:root:Epoch[4] Batch [145]	Speed: 1.79 samples/sec	mae=33.653367
INFO:root:Epoch[4] Batch [150]	Speed: 1.79 samples/sec	mae=28.376053
INFO:root:Epoch[4] Batch [155]	Speed: 1.80 samples/sec	mae=28.515832
INFO:root:Epoch[4] Batch [160]	Speed: 1.78 samples/sec	mae=27.117863
INFO:root:Epoch[4] Batch [165]	Speed: 1.78 samples/sec	mae=25.417713
INFO:root:Epoch[4] Batch [170]	Speed: 1.78 samples/sec	mae=22.413980
INFO:root:Epoch[4] Batch [175]	Speed: 1.78 samples/sec	mae=25.703399
INFO:root:Epoch[4] Batch [180]	Speed: 1.78 samples/sec	mae=29.065672
INFO:root:Epoch[4] Batch [185]	Speed: 1.72 samples/sec	mae=36.181391
INFO:root:Epoch[4] Batch [190]	Speed: 1.77 samples/sec	mae=34.058754
INFO:root:Epoch[4] Batch [195]	Speed: 1.79 samples/sec	mae=25.486660
INFO:root:Epoch[4] Batch [200]	Speed: 1.79 samples/sec	mae=29.268547
INFO:root:Epoch[4] Batch [205]	Speed: 1.79 samples/sec	mae=24.906152
INFO:root:Epoch[4] Batch [210]	Speed: 1.78 samples/sec	mae=36.344921
INFO:root:Epoch[4] Batch [215]	Speed: 1.78 samples/sec	mae=20.770486
INFO:root:Epoch[4] Batch [220]	Speed: 1.79 samples/sec	mae=26.910512
INFO:root:Epoch[4] Batch [225]	Speed: 1.79 samples/sec	mae=30.573185
INFO:root:Epoch[4] Batch [230]	Speed: 1.79 samples/sec	mae=25.937701
INFO:root:Epoch[4] Batch [235]	Speed: 1.77 samples/sec	mae=34.385564
INFO:root:Epoch[4] Batch [240]	Speed: 1.79 samples/sec	mae=29.574433
INFO:root:Epoch[4] Batch [245]	Speed: 1.79 samples/sec	mae=34.809210
INFO:root:Epoch[4] Batch [250]	Speed: 1.78 samples/sec	mae=26.309384
INFO:root:Epoch[4] Batch [255]	Speed: 1.79 samples/sec	mae=34.032822
INFO:root:Epoch[4] Batch [260]	Speed: 1.78 samples/sec	mae=29.917922
INFO:root:Epoch[4] Batch [265]	Speed: 1.79 samples/sec	mae=31.148825
INFO:root:Epoch[4] Batch [270]	Speed: 1.78 samples/sec	mae=27.157697
INFO:root:Epoch[4] Batch [275]	Speed: 1.79 samples/sec	mae=29.256174
INFO:root:Epoch[4] Batch [280]	Speed: 1.78 samples/sec	mae=38.161295
INFO:root:Epoch[4] Batch [285]	Speed: 1.78 samples/sec	mae=23.989906
INFO:root:Epoch[4] Batch [290]	Speed: 1.79 samples/sec	mae=21.651215
INFO:root:Epoch[4] Batch [295]	Speed: 1.78 samples/sec	mae=29.971917
INFO:root:Epoch[4] Batch [300]	Speed: 1.79 samples/sec	mae=23.658909
INFO:root:Epoch[4] Batch [305]	Speed: 1.78 samples/sec	mae=26.168987
INFO:root:Epoch[4] Batch [310]	Speed: 1.79 samples/sec	mae=23.670884
INFO:root:Epoch[4] Batch [315]	Speed: 1.79 samples/sec	mae=31.043386
INFO:root:Epoch[4] Batch [320]	Speed: 1.79 samples/sec	mae=39.469758
INFO:root:Epoch[4] Batch [325]	Speed: 1.79 samples/sec	mae=28.528587
INFO:root:Epoch[4] Batch [330]	Speed: 1.78 samples/sec	mae=43.906327
INFO:root:Epoch[4] Batch [335]	Speed: 1.79 samples/sec	mae=33.733840
INFO:root:Epoch[4] Batch [340]	Speed: 1.79 samples/sec	mae=25.107039
INFO:root:Epoch[4] Batch [345]	Speed: 1.78 samples/sec	mae=27.577636
INFO:root:Epoch[4] Batch [350]	Speed: 1.79 samples/sec	mae=30.176070
INFO:root:Epoch[4] Batch [355]	Speed: 1.79 samples/sec	mae=33.355969
INFO:root:Epoch[4] Batch [360]	Speed: 1.77 samples/sec	mae=20.512980
INFO:root:Epoch[4] Batch [365]	Speed: 1.77 samples/sec	mae=35.571980
INFO:root:Epoch[4] Batch [370]	Speed: 1.78 samples/sec	mae=25.167765
INFO:root:Epoch[4] Batch [375]	Speed: 1.71 samples/sec	mae=36.550183
INFO:root:Epoch[4] Batch [380]	Speed: 1.82 samples/sec	mae=25.949706
INFO:root:Epoch[4] Batch [385]	Speed: 1.84 samples/sec	mae=33.416622
INFO:root:Epoch[4] Batch [390]	Speed: 1.85 samples/sec	mae=26.492551
INFO:root:Epoch[4] Batch [395]	Speed: 1.74 samples/sec	mae=24.111221
INFO:root:Epoch[4] Batch [400]	Speed: 1.79 samples/sec	mae=29.933508
INFO:root:Epoch[4] Batch [405]	Speed: 1.79 samples/sec	mae=27.028075
INFO:root:Epoch[4] Batch [410]	Speed: 1.80 samples/sec	mae=25.951200
INFO:root:Epoch[4] Batch [415]	Speed: 1.74 samples/sec	mae=29.731477
INFO:root:Epoch[4] Batch [420]	Speed: 1.79 samples/sec	mae=33.705957
INFO:root:Epoch[4] Batch [425]	Speed: 1.80 samples/sec	mae=25.543557
INFO:root:Epoch[4] Batch [430]	Speed: 1.80 samples/sec	mae=29.464332
INFO:root:Epoch[4] Batch [435]	Speed: 1.80 samples/sec	mae=26.658231
INFO:root:Epoch[4] Batch [440]	Speed: 1.80 samples/sec	mae=26.069126
INFO:root:Epoch[4] Batch [445]	Speed: 1.80 samples/sec	mae=32.620933
INFO:root:Epoch[4] Batch [450]	Speed: 1.80 samples/sec	mae=26.553379
INFO:root:Epoch[4] Batch [455]	Speed: 1.79 samples/sec	mae=30.356640
INFO:root:Epoch[4] Batch [460]	Speed: 1.78 samples/sec	mae=24.468353
INFO:root:Epoch[4] Batch [465]	Speed: 1.80 samples/sec	mae=28.438018
INFO:root:Epoch[4] Batch [470]	Speed: 1.80 samples/sec	mae=20.004628
INFO:root:Epoch[4] Batch [475]	Speed: 1.80 samples/sec	mae=22.346549
INFO:root:Epoch[4] Batch [480]	Speed: 1.81 samples/sec	mae=24.397064
INFO:root:Epoch[4] Batch [485]	Speed: 1.80 samples/sec	mae=20.050194
INFO:root:Epoch[4] Batch [490]	Speed: 1.81 samples/sec	mae=29.550686
INFO:root:Epoch[4] Batch [495]	Speed: 1.81 samples/sec	mae=24.962005
INFO:root:Epoch[4] Batch [500]	Speed: 1.79 samples/sec	mae=32.487803
INFO:root:Epoch[4] Batch [505]	Speed: 1.79 samples/sec	mae=28.294468
INFO:root:Epoch[4] Batch [510]	Speed: 1.79 samples/sec	mae=31.170896
INFO:root:Epoch[4] Batch [515]	Speed: 1.80 samples/sec	mae=29.671576
INFO:root:Epoch[4] Batch [520]	Speed: 1.78 samples/sec	mae=38.143920
INFO:root:Epoch[4] Batch [525]	Speed: 1.80 samples/sec	mae=24.158883
INFO:root:Epoch[4] Batch [530]	Speed: 1.76 samples/sec	mae=27.091782
INFO:root:Epoch[4] Batch [535]	Speed: 1.79 samples/sec	mae=28.396052
INFO:root:Epoch[4] Batch [540]	Speed: 1.78 samples/sec	mae=32.053215
INFO:root:Epoch[4] Batch [545]	Speed: 1.80 samples/sec	mae=31.353951
INFO:root:Epoch[4] Batch [550]	Speed: 1.80 samples/sec	mae=31.177316
INFO:root:Epoch[4] Batch [555]	Speed: 1.79 samples/sec	mae=32.298084
INFO:root:Epoch[4] Batch [560]	Speed: 1.79 samples/sec	mae=24.839878
INFO:root:Epoch[4] Batch [565]	Speed: 1.81 samples/sec	mae=26.618473
INFO:root:Epoch[4] Batch [570]	Speed: 1.79 samples/sec	mae=26.219510
INFO:root:Epoch[4] Batch [575]	Speed: 1.78 samples/sec	mae=31.559507
INFO:root:Epoch[4] Batch [580]	Speed: 1.79 samples/sec	mae=29.267354
INFO:root:Epoch[4] Batch [585]	Speed: 1.80 samples/sec	mae=24.596836
INFO:root:Epoch[4] Batch [590]	Speed: 1.80 samples/sec	mae=23.204613
INFO:root:Epoch[4] Batch [595]	Speed: 1.80 samples/sec	mae=26.446164
INFO:root:Epoch[4] Batch [600]	Speed: 1.78 samples/sec	mae=26.356279
INFO:root:Epoch[4] Batch [605]	Speed: 1.79 samples/sec	mae=25.641176
INFO:root:Epoch[4] Batch [610]	Speed: 1.80 samples/sec	mae=26.519576
INFO:root:Epoch[4] Batch [615]	Speed: 1.79 samples/sec	mae=30.426828
INFO:root:Epoch[4] Batch [620]	Speed: 1.75 samples/sec	mae=30.471325
INFO:root:Epoch[4] Batch [625]	Speed: 1.78 samples/sec	mae=22.111029
INFO:root:Epoch[4] Batch [630]	Speed: 1.86 samples/sec	mae=33.994742
INFO:root:Epoch[4] Batch [635]	Speed: 1.84 samples/sec	mae=33.939624
INFO:root:Epoch[4] Batch [640]	Speed: 1.84 samples/sec	mae=25.663531
INFO:root:Epoch[4] Batch [645]	Speed: 1.81 samples/sec	mae=19.768096
INFO:root:Epoch[4] Batch [650]	Speed: 1.81 samples/sec	mae=22.678545
INFO:root:Epoch[4] Batch [655]	Speed: 0.99 samples/sec	mae=21.205766
INFO:root:Epoch[4] Batch [660]	Speed: 1.52 samples/sec	mae=25.403730
INFO:root:Epoch[4] Batch [665]	Speed: 1.63 samples/sec	mae=31.528224
INFO:root:Epoch[4] Batch [670]	Speed: 1.64 samples/sec	mae=33.867659
INFO:root:Epoch[4] Batch [675]	Speed: 1.63 samples/sec	mae=31.804966
INFO:root:Epoch[4] Batch [680]	Speed: 1.64 samples/sec	mae=20.609130
INFO:root:Epoch[4] Batch [685]	Speed: 1.63 samples/sec	mae=22.973387
INFO:root:Epoch[4] Batch [690]	Speed: 1.57 samples/sec	mae=27.269666
INFO:root:Epoch[4] Batch [695]	Speed: 1.59 samples/sec	mae=35.680785
INFO:root:Epoch[4] Batch [700]	Speed: 1.55 samples/sec	mae=21.207226
INFO:root:Epoch[4] Batch [705]	Speed: 1.55 samples/sec	mae=29.174123
INFO:root:Epoch[4] Batch [710]	Speed: 1.56 samples/sec	mae=34.827102
INFO:root:Epoch[4] Batch [715]	Speed: 1.44 samples/sec	mae=20.273759
INFO:root:Epoch[4] Batch [720]	Speed: 1.77 samples/sec	mae=28.812482
INFO:root:Epoch[4] Batch [725]	Speed: 1.60 samples/sec	mae=31.436475
INFO:root:Epoch[4] Batch [730]	Speed: 1.59 samples/sec	mae=23.079409
INFO:root:Epoch[4] Batch [735]	Speed: 1.60 samples/sec	mae=31.194036
INFO:root:Epoch[4] Batch [740]	Speed: 1.61 samples/sec	mae=25.490927
INFO:root:Epoch[4] Batch [745]	Speed: 1.58 samples/sec	mae=28.260459
INFO:root:Epoch[4] Batch [750]	Speed: 1.73 samples/sec	mae=34.762761
INFO:root:Epoch[4] Batch [755]	Speed: 1.79 samples/sec	mae=36.043652
INFO:root:Epoch[4] Batch [760]	Speed: 1.79 samples/sec	mae=21.824142
INFO:root:Epoch[4] Batch [765]	Speed: 1.76 samples/sec	mae=33.942688
INFO:root:Epoch[4] Batch [770]	Speed: 1.53 samples/sec	mae=19.254487
INFO:root:Epoch[4] Batch [775]	Speed: 1.68 samples/sec	mae=24.529410
INFO:root:Epoch[4] Batch [780]	Speed: 1.64 samples/sec	mae=29.979776
INFO:root:Epoch[4] Batch [785]	Speed: 0.36 samples/sec	mae=26.729593
INFO:root:Epoch[4] Batch [790]	Speed: 1.46 samples/sec	mae=23.615225
INFO:root:Epoch[4] Batch [795]	Speed: 1.77 samples/sec	mae=35.487914
INFO:root:Epoch[4] Batch [800]	Speed: 0.23 samples/sec	mae=28.572444
